[11:09:19] [main/INFO]: Environment: authHost='https://authserver.mojang.com', accountsHost='https://api.mojang.com', sessionHost='https://sessionserver.mojang.com', servicesHost='https://api.minecraftservices.com', name='PROD'
[11:09:19] [main/WARN]: Ambiguity between arguments [teleport, destination] and [teleport, targets] with inputs: [Player, 0123, @e, dd12be42-52a9-4a91-a8a1-11c01849e498]
[11:09:19] [main/WARN]: Ambiguity between arguments [teleport, location] and [teleport, destination] with inputs: [0.1 -0.5 .9, 0 0 0]
[11:09:19] [main/WARN]: Ambiguity between arguments [teleport, location] and [teleport, targets] with inputs: [0.1 -0.5 .9, 0 0 0]
[11:09:19] [main/WARN]: Ambiguity between arguments [teleport, targets] and [teleport, destination] with inputs: [Player, 0123, dd12be42-52a9-4a91-a8a1-11c01849e498]
[11:09:19] [main/WARN]: Ambiguity between arguments [teleport, targets, location] and [teleport, targets, destination] with inputs: [0.1 -0.5 .9, 0 0 0]
[11:09:19] [main/INFO]: Reloading ResourceManager: Default
[11:09:20] [Worker-Main-4/INFO]: Loaded 7 recipes
[11:09:20] [Worker-Main-4/INFO]: Loaded 927 advancements
[11:09:22] [Server thread/INFO]: Starting minecraft server version 1.16.5
[11:09:22] [Server thread/INFO]: Loading properties
[11:09:22] [Server thread/INFO]: Default game type: SURVIVAL
[11:09:22] [Server thread/INFO]: Generating keypair
[11:09:22] [Server console handler/ERROR]: Exception handling console input
java.io.IOException: Identificador inválido
	at java.io.FileInputStream.readBytes(Native Method) ~[?:1.8.0_271]
	at java.io.FileInputStream.read(Unknown Source) ~[?:1.8.0_271]
	at java.io.BufferedInputStream.read1(Unknown Source) ~[?:1.8.0_271]
	at java.io.BufferedInputStream.read(Unknown Source) ~[?:1.8.0_271]
	at sun.nio.cs.StreamDecoder.readBytes(Unknown Source) ~[?:1.8.0_271]
	at sun.nio.cs.StreamDecoder.implRead(Unknown Source) ~[?:1.8.0_271]
	at sun.nio.cs.StreamDecoder.read(Unknown Source) ~[?:1.8.0_271]
	at java.io.InputStreamReader.read(Unknown Source) ~[?:1.8.0_271]
	at java.io.BufferedReader.fill(Unknown Source) ~[?:1.8.0_271]
	at java.io.BufferedReader.readLine(Unknown Source) ~[?:1.8.0_271]
	at java.io.BufferedReader.readLine(Unknown Source) ~[?:1.8.0_271]
	at zg$1.run(SourceFile:95) [server.jar:?]
[11:09:22] [Server thread/INFO]: Starting Minecraft server on *:25565
[11:09:22] [Server thread/INFO]: Using default channel type
[11:09:23] [Server thread/WARN]: **** SERVER IS RUNNING IN OFFLINE/INSECURE MODE!
[11:09:23] [Server thread/WARN]: The server will make no attempt to authenticate usernames. Beware.
[11:09:23] [Server thread/WARN]: While this makes the game possible to play without internet access, it also opens up the ability for hackers to connect with any username they choose.
[11:09:23] [Server thread/WARN]: To change this, set "online-mode" to "true" in the server.properties file.
[11:09:23] [Server thread/INFO]: Preparing level "world"
[11:09:23] [Server thread/INFO]: Preparing start region for dimension minecraft:overworld
[11:09:25] [Server thread/INFO]: Preparing spawn area: 0%
[11:09:25] [Server thread/INFO]: Preparing spawn area: 0%
[11:09:25] [Server thread/INFO]: Preparing spawn area: 0%
[11:09:25] [Server thread/INFO]: Preparing spawn area: 0%
[11:09:26] [Server thread/INFO]: Time elapsed: 2308 ms
[11:09:26] [Server thread/INFO]: Done (2.436s)! For help, type "help"
[11:10:02] [Server thread/INFO]: Stopping the server
[11:10:02] [Server thread/INFO]: Stopping server
[11:10:02] [Server thread/INFO]: Saving players
[11:10:02] [Server thread/INFO]: Saving worlds
[11:10:02] [Server thread/INFO]: Saving chunks for level 'ServerLevel[world]'/minecraft:overworld
[11:10:03] [Server thread/INFO]: ThreadedAnvilChunkStorage (world): All chunks are saved
[11:10:03] [Server thread/INFO]: Saving chunks for level 'ServerLevel[world]'/minecraft:the_nether
[11:10:03] [Server thread/INFO]: ThreadedAnvilChunkStorage (DIM-1): All chunks are saved
[11:10:03] [Server thread/INFO]: Saving chunks for level 'ServerLevel[world]'/minecraft:the_end
[11:10:03] [Server thread/INFO]: ThreadedAnvilChunkStorage (DIM1): All chunks are saved
[11:10:03] [Server thread/INFO]: ThreadedAnvilChunkStorage (world): All chunks are saved
[11:10:03] [Server thread/INFO]: ThreadedAnvilChunkStorage (DIM-1): All chunks are saved
[11:10:03] [Server thread/INFO]: ThreadedAnvilChunkStorage (DIM1): All chunks are saved
